Analysis & Synthesis report for proj1
Tue Aug 15 17:34:08 2023
Quartus Prime Version 20.1.0 Build 711 06/05/2020 SJ Lite Edition


---------------------
; Table of Contents ;
---------------------
  1. Legal Notice
  2. Analysis & Synthesis Summary
  3. Analysis & Synthesis Settings
  4. Parallel Compilation
  5. Analysis & Synthesis Source Files Read
  6. Analysis & Synthesis Resource Usage Summary
  7. Analysis & Synthesis Resource Utilization by Entity
  8. Analysis & Synthesis RAM Summary
  9. Registers Removed During Synthesis
 10. General Register Statistics
 11. Registers Packed Into Inferred Megafunctions
 12. Multiplexer Restructuring Statistics (Restructuring Performed)
 13. Source assignments for altsyncram:memory_rtl_0|altsyncram_jj61:auto_generated
 14. Parameter Settings for User Entity Instance: Top-level Entity: |proj1
 15. Parameter Settings for Inferred Entity Instance: altsyncram:memory_rtl_0
 16. altsyncram Parameter Settings by Entity Instance
 17. Post-Synthesis Netlist Statistics for Top Partition
 18. Elapsed Time Per Partition
 19. Analysis & Synthesis Messages
 20. Analysis & Synthesis Suppressed Messages



----------------
; Legal Notice ;
----------------
Copyright (C) 2020  Intel Corporation. All rights reserved.
Your use of Intel Corporation's design tools, logic functions 
and other software and tools, and any partner logic 
functions, and any output files from any of the foregoing 
(including device programming or simulation files), and any 
associated documentation or information are expressly subject 
to the terms and conditions of the Intel Program License 
Subscription Agreement, the Intel Quartus Prime License Agreement,
the Intel FPGA IP License Agreement, or other applicable license
agreement, including, without limitation, that your use is for
the sole purpose of programming logic devices manufactured by
Intel and sold by Intel or its authorized distributors.  Please
refer to the applicable agreement for further details, at
https://fpgasoftware.intel.com/eula.



+----------------------------------------------------------------------------------+
; Analysis & Synthesis Summary                                                     ;
+------------------------------------+---------------------------------------------+
; Analysis & Synthesis Status        ; Successful - Tue Aug 15 17:34:08 2023       ;
; Quartus Prime Version              ; 20.1.0 Build 711 06/05/2020 SJ Lite Edition ;
; Revision Name                      ; proj1                                       ;
; Top-level Entity Name              ; proj1                                       ;
; Family                             ; MAX 10                                      ;
; Total logic elements               ; 252                                         ;
;     Total combinational functions  ; 251                                         ;
;     Dedicated logic registers      ; 114                                         ;
; Total registers                    ; 114                                         ;
; Total pins                         ; 72                                          ;
; Total virtual pins                 ; 0                                           ;
; Total memory bits                  ; 24,211                                      ;
; Embedded Multiplier 9-bit elements ; 0                                           ;
; Total PLLs                         ; 0                                           ;
; UFM blocks                         ; 0                                           ;
; ADC blocks                         ; 0                                           ;
+------------------------------------+---------------------------------------------+


+------------------------------------------------------------------------------------------------------------+
; Analysis & Synthesis Settings                                                                              ;
+------------------------------------------------------------------+--------------------+--------------------+
; Option                                                           ; Setting            ; Default Value      ;
+------------------------------------------------------------------+--------------------+--------------------+
; Device                                                           ; 10M50DAF484C7G     ;                    ;
; Top-level entity name                                            ; proj1              ; proj1              ;
; Family name                                                      ; MAX 10             ; Cyclone V          ;
; Use smart compilation                                            ; Off                ; Off                ;
; Enable parallel Assembler and Timing Analyzer during compilation ; On                 ; On                 ;
; Enable compact report table                                      ; Off                ; Off                ;
; Restructure Multiplexers                                         ; Auto               ; Auto               ;
; Create Debugging Nodes for IP Cores                              ; Off                ; Off                ;
; Preserve fewer node names                                        ; On                 ; On                 ;
; Intel FPGA IP Evaluation Mode                                    ; Enable             ; Enable             ;
; Verilog Version                                                  ; Verilog_2001       ; Verilog_2001       ;
; VHDL Version                                                     ; VHDL_1993          ; VHDL_1993          ;
; State Machine Processing                                         ; Auto               ; Auto               ;
; Safe State Machine                                               ; Off                ; Off                ;
; Extract Verilog State Machines                                   ; On                 ; On                 ;
; Extract VHDL State Machines                                      ; On                 ; On                 ;
; Ignore Verilog initial constructs                                ; Off                ; Off                ;
; Iteration limit for constant Verilog loops                       ; 5000               ; 5000               ;
; Iteration limit for non-constant Verilog loops                   ; 250                ; 250                ;
; Add Pass-Through Logic to Inferred RAMs                          ; On                 ; On                 ;
; Infer RAMs from Raw Logic                                        ; On                 ; On                 ;
; Parallel Synthesis                                               ; On                 ; On                 ;
; DSP Block Balancing                                              ; Auto               ; Auto               ;
; NOT Gate Push-Back                                               ; On                 ; On                 ;
; Power-Up Don't Care                                              ; On                 ; On                 ;
; Remove Redundant Logic Cells                                     ; Off                ; Off                ;
; Remove Duplicate Registers                                       ; On                 ; On                 ;
; Ignore CARRY Buffers                                             ; Off                ; Off                ;
; Ignore CASCADE Buffers                                           ; Off                ; Off                ;
; Ignore GLOBAL Buffers                                            ; Off                ; Off                ;
; Ignore ROW GLOBAL Buffers                                        ; Off                ; Off                ;
; Ignore LCELL Buffers                                             ; Off                ; Off                ;
; Ignore SOFT Buffers                                              ; On                 ; On                 ;
; Limit AHDL Integers to 32 Bits                                   ; Off                ; Off                ;
; Optimization Technique                                           ; Balanced           ; Balanced           ;
; Carry Chain Length                                               ; 70                 ; 70                 ;
; Auto Carry Chains                                                ; On                 ; On                 ;
; Auto Open-Drain Pins                                             ; On                 ; On                 ;
; Perform WYSIWYG Primitive Resynthesis                            ; Off                ; Off                ;
; Auto ROM Replacement                                             ; On                 ; On                 ;
; Auto RAM Replacement                                             ; On                 ; On                 ;
; Auto DSP Block Replacement                                       ; On                 ; On                 ;
; Auto Shift Register Replacement                                  ; Auto               ; Auto               ;
; Allow Shift Register Merging across Hierarchies                  ; Auto               ; Auto               ;
; Auto Clock Enable Replacement                                    ; On                 ; On                 ;
; Strict RAM Replacement                                           ; Off                ; Off                ;
; Allow Synchronous Control Signals                                ; On                 ; On                 ;
; Force Use of Synchronous Clear Signals                           ; Off                ; Off                ;
; Auto RAM Block Balancing                                         ; On                 ; On                 ;
; Auto RAM to Logic Cell Conversion                                ; Off                ; Off                ;
; Auto Resource Sharing                                            ; Off                ; Off                ;
; Allow Any RAM Size For Recognition                               ; Off                ; Off                ;
; Allow Any ROM Size For Recognition                               ; Off                ; Off                ;
; Allow Any Shift Register Size For Recognition                    ; Off                ; Off                ;
; Use LogicLock Constraints during Resource Balancing              ; On                 ; On                 ;
; Ignore translate_off and synthesis_off directives                ; Off                ; Off                ;
; Timing-Driven Synthesis                                          ; On                 ; On                 ;
; Report Parameter Settings                                        ; On                 ; On                 ;
; Report Source Assignments                                        ; On                 ; On                 ;
; Report Connectivity Checks                                       ; On                 ; On                 ;
; Ignore Maximum Fan-Out Assignments                               ; Off                ; Off                ;
; Synchronization Register Chain Length                            ; 2                  ; 2                  ;
; Power Optimization During Synthesis                              ; Normal compilation ; Normal compilation ;
; HDL message level                                                ; Level2             ; Level2             ;
; Suppress Register Optimization Related Messages                  ; Off                ; Off                ;
; Number of Removed Registers Reported in Synthesis Report         ; 5000               ; 5000               ;
; Number of Swept Nodes Reported in Synthesis Report               ; 5000               ; 5000               ;
; Number of Inverted Registers Reported in Synthesis Report        ; 100                ; 100                ;
; Clock MUX Protection                                             ; On                 ; On                 ;
; Auto Gated Clock Conversion                                      ; Off                ; Off                ;
; Block Design Naming                                              ; Auto               ; Auto               ;
; SDC constraint protection                                        ; Off                ; Off                ;
; Synthesis Effort                                                 ; Auto               ; Auto               ;
; Shift Register Replacement - Allow Asynchronous Clear Signal     ; On                 ; On                 ;
; Pre-Mapping Resynthesis Optimization                             ; Off                ; Off                ;
; Analysis & Synthesis Message Level                               ; Medium             ; Medium             ;
; Disable Register Merging Across Hierarchies                      ; Auto               ; Auto               ;
; Resource Aware Inference For Block RAM                           ; On                 ; On                 ;
+------------------------------------------------------------------+--------------------+--------------------+


+------------------------------------------+
; Parallel Compilation                     ;
+----------------------------+-------------+
; Processors                 ; Number      ;
+----------------------------+-------------+
; Number detected on machine ; 8           ;
; Maximum allowed            ; 4           ;
;                            ;             ;
; Average used               ; 1.00        ;
; Maximum used               ; 4           ;
;                            ;             ;
; Usage by Processor         ; % Time Used ;
;     Processor 1            ; 100.0%      ;
;     Processor 2            ;   0.0%      ;
;     Processors 3-4         ;   0.0%      ;
+----------------------------+-------------+


+----------------------------------------------------------------------------------------------------------------------------------------------------------------------------------------------------------+
; Analysis & Synthesis Source Files Read                                                                                                                                                                   ;
+-------------------------------------+-----------------+-------------------------------------------------------+--------------------------------------------------------------------------------+---------+
; File Name with User-Entered Path    ; Used in Netlist ; File Type                                             ; File Name with Absolute Path                                                   ; Library ;
+-------------------------------------+-----------------+-------------------------------------------------------+--------------------------------------------------------------------------------+---------+
; proj1.v                             ; yes             ; User Verilog HDL File                                 ; C:/Users/ruttk/OneDrive/Desktop/3201/proj1/proj1.v                             ;         ;
; audio3.mem                          ; yes             ; Auto-Found Unspecified File                           ; C:/Users/ruttk/OneDrive/Desktop/3201/proj1/audio3.mem                          ;         ;
; jingle.mem                          ; yes             ; Auto-Found Unspecified File                           ; C:/Users/ruttk/OneDrive/Desktop/3201/proj1/jingle.mem                          ;         ;
; audio4.mem                          ; yes             ; Auto-Found Unspecified File                           ; C:/Users/ruttk/OneDrive/Desktop/3201/proj1/audio4.mem                          ;         ;
; altsyncram.tdf                      ; yes             ; Megafunction                                          ; c:/intelfpga_lite/20.1/quartus/libraries/megafunctions/altsyncram.tdf          ;         ;
; stratix_ram_block.inc               ; yes             ; Megafunction                                          ; c:/intelfpga_lite/20.1/quartus/libraries/megafunctions/stratix_ram_block.inc   ;         ;
; lpm_mux.inc                         ; yes             ; Megafunction                                          ; c:/intelfpga_lite/20.1/quartus/libraries/megafunctions/lpm_mux.inc             ;         ;
; lpm_decode.inc                      ; yes             ; Megafunction                                          ; c:/intelfpga_lite/20.1/quartus/libraries/megafunctions/lpm_decode.inc          ;         ;
; aglobal201.inc                      ; yes             ; Megafunction                                          ; c:/intelfpga_lite/20.1/quartus/libraries/megafunctions/aglobal201.inc          ;         ;
; a_rdenreg.inc                       ; yes             ; Megafunction                                          ; c:/intelfpga_lite/20.1/quartus/libraries/megafunctions/a_rdenreg.inc           ;         ;
; altrom.inc                          ; yes             ; Megafunction                                          ; c:/intelfpga_lite/20.1/quartus/libraries/megafunctions/altrom.inc              ;         ;
; altram.inc                          ; yes             ; Megafunction                                          ; c:/intelfpga_lite/20.1/quartus/libraries/megafunctions/altram.inc              ;         ;
; altdpram.inc                        ; yes             ; Megafunction                                          ; c:/intelfpga_lite/20.1/quartus/libraries/megafunctions/altdpram.inc            ;         ;
; db/altsyncram_jj61.tdf              ; yes             ; Auto-Generated Megafunction                           ; C:/Users/ruttk/OneDrive/Desktop/3201/proj1/db/altsyncram_jj61.tdf              ;         ;
; db/proj1.ram0_proj1_831e49e.hdl.mif ; yes             ; Auto-Generated Auto-Found Memory Initialization File  ; C:/Users/ruttk/OneDrive/Desktop/3201/proj1/db/proj1.ram0_proj1_831e49e.hdl.mif ;         ;
+-------------------------------------+-----------------+-------------------------------------------------------+--------------------------------------------------------------------------------+---------+


+--------------------------------------------------------------+
; Analysis & Synthesis Resource Usage Summary                  ;
+---------------------------------------------+----------------+
; Resource                                    ; Usage          ;
+---------------------------------------------+----------------+
; Estimated Total logic elements              ; 252            ;
;                                             ;                ;
; Total combinational functions               ; 251            ;
; Logic element usage by number of LUT inputs ;                ;
;     -- 4 input functions                    ; 82             ;
;     -- 3 input functions                    ; 44             ;
;     -- <=2 input functions                  ; 125            ;
;                                             ;                ;
; Logic elements by mode                      ;                ;
;     -- normal mode                          ; 143            ;
;     -- arithmetic mode                      ; 108            ;
;                                             ;                ;
; Total registers                             ; 114            ;
;     -- Dedicated logic registers            ; 114            ;
;     -- I/O registers                        ; 0              ;
;                                             ;                ;
; I/O pins                                    ; 72             ;
; Total memory bits                           ; 24211          ;
;                                             ;                ;
; Embedded Multiplier 9-bit elements          ; 0              ;
;                                             ;                ;
; Maximum fan-out node                        ; CLOCK_50~input ;
; Maximum fan-out                             ; 81             ;
; Total fan-out                               ; 1349           ;
; Average fan-out                             ; 2.59           ;
+---------------------------------------------+----------------+


+----------------------------------------------------------------------------------------------------------------------------------------------------------------------------------------------------------------------------------------------------------------------------------------------+
; Analysis & Synthesis Resource Utilization by Entity                                                                                                                                                                                                                                          ;
+----------------------------------------+---------------------+---------------------------+-------------+------------+--------------+---------+-----------+------+--------------+------------+---------------------------------------------------------------+-----------------+--------------+
; Compilation Hierarchy Node             ; Combinational ALUTs ; Dedicated Logic Registers ; Memory Bits ; UFM Blocks ; DSP Elements ; DSP 9x9 ; DSP 18x18 ; Pins ; Virtual Pins ; ADC blocks ; Full Hierarchy Name                                           ; Entity Name     ; Library Name ;
+----------------------------------------+---------------------+---------------------------+-------------+------------+--------------+---------+-----------+------+--------------+------------+---------------------------------------------------------------+-----------------+--------------+
; |proj1                                 ; 251 (251)           ; 114 (114)                 ; 24211       ; 0          ; 0            ; 0       ; 0         ; 72   ; 0            ; 0          ; |proj1                                                        ; proj1           ; work         ;
;    |altsyncram:memory_rtl_0|           ; 0 (0)               ; 0 (0)                     ; 24211       ; 0          ; 0            ; 0       ; 0         ; 0    ; 0            ; 0          ; |proj1|altsyncram:memory_rtl_0                                ; altsyncram      ; work         ;
;       |altsyncram_jj61:auto_generated| ; 0 (0)               ; 0 (0)                     ; 24211       ; 0          ; 0            ; 0       ; 0         ; 0    ; 0            ; 0          ; |proj1|altsyncram:memory_rtl_0|altsyncram_jj61:auto_generated ; altsyncram_jj61 ; work         ;
+----------------------------------------+---------------------+---------------------------+-------------+------------+--------------+---------+-----------+------+--------------+------------+---------------------------------------------------------------+-----------------+--------------+
Note: For table entries with two numbers listed, the numbers in parentheses indicate the number of resources of the given type used by the specific entity alone. The numbers listed outside of parentheses indicate the total resources of the given type used by the specific entity and all of its sub-entities in the hierarchy.


+-------------------------------------------------------------------------------------------------------------------------------------------------------------------------------------------+
; Analysis & Synthesis RAM Summary                                                                                                                                                          ;
+-------------------------------------------------------------------+------+------+--------------+--------------+--------------+--------------+-------+-------------------------------------+
; Name                                                              ; Type ; Mode ; Port A Depth ; Port A Width ; Port B Depth ; Port B Width ; Size  ; MIF                                 ;
+-------------------------------------------------------------------+------+------+--------------+--------------+--------------+--------------+-------+-------------------------------------+
; altsyncram:memory_rtl_0|altsyncram_jj61:auto_generated|ALTSYNCRAM ; AUTO ; ROM  ; 2201         ; 11           ; --           ; --           ; 24211 ; db/proj1.ram0_proj1_831e49e.hdl.mif ;
+-------------------------------------------------------------------+------+------+--------------+--------------+--------------+--------------+-------+-------------------------------------+


+-------------------------------------------------------------------+
; Registers Removed During Synthesis                                ;
+----------------------------------------+--------------------------+
; Register name                          ; Reason for Removal       ;
+----------------------------------------+--------------------------+
; HEX1[4]~reg0                           ; Merged with HEX0[1]~reg0 ;
; HEX4[0]~reg0                           ; Merged with HEX0[1]~reg0 ;
; HEX5[6]~reg0                           ; Merged with HEX0[1]~reg0 ;
; HEX0[6]~reg0                           ; Merged with HEX0[3]~reg0 ;
; HEX1[7]~reg0                           ; Merged with HEX0[7]~reg0 ;
; HEX2[7]~reg0                           ; Merged with HEX0[7]~reg0 ;
; HEX3[6]~reg0                           ; Merged with HEX0[7]~reg0 ;
; HEX3[7]~reg0                           ; Merged with HEX0[7]~reg0 ;
; HEX4[7]~reg0                           ; Merged with HEX0[7]~reg0 ;
; HEX5[7]~reg0                           ; Merged with HEX0[7]~reg0 ;
; HEX1[5]~reg0                           ; Merged with HEX1[0]~reg0 ;
; HEX2[3]~reg0                           ; Merged with HEX1[0]~reg0 ;
; HEX4[6]~reg0                           ; Merged with HEX1[0]~reg0 ;
; HEX5[4]~reg0                           ; Merged with HEX1[0]~reg0 ;
; HEX4[3]~reg0                           ; Merged with HEX1[1]~reg0 ;
; HEX5[2]~reg0                           ; Merged with HEX1[1]~reg0 ;
; HEX2[1]~reg0                           ; Merged with HEX1[2]~reg0 ;
; HEX2[4]~reg0                           ; Merged with HEX1[2]~reg0 ;
; HEX5[3]~reg0                           ; Merged with HEX1[2]~reg0 ;
; HEX1[6]~reg0                           ; Merged with HEX1[3]~reg0 ;
; HEX2[0]~reg0                           ; Merged with HEX1[3]~reg0 ;
; HEX2[2]~reg0                           ; Merged with HEX1[3]~reg0 ;
; HEX2[5]~reg0                           ; Merged with HEX1[3]~reg0 ;
; HEX3[1]~reg0                           ; Merged with HEX1[3]~reg0 ;
; HEX3[2]~reg0                           ; Merged with HEX1[3]~reg0 ;
; HEX3[3]~reg0                           ; Merged with HEX1[3]~reg0 ;
; HEX3[4]~reg0                           ; Merged with HEX1[3]~reg0 ;
; HEX3[5]~reg0                           ; Merged with HEX1[3]~reg0 ;
; HEX4[1]~reg0                           ; Merged with HEX1[3]~reg0 ;
; HEX4[2]~reg0                           ; Merged with HEX1[3]~reg0 ;
; HEX4[4]~reg0                           ; Merged with HEX1[3]~reg0 ;
; HEX4[5]~reg0                           ; Merged with HEX1[3]~reg0 ;
; HEX5[0]~reg0                           ; Merged with HEX1[3]~reg0 ;
; HEX5[5]~reg0                           ; Merged with HEX1[3]~reg0 ;
; HEX5[1]~reg0                           ; Merged with HEX2[6]~reg0 ;
; LEDR[4]~reg0                           ; Merged with LEDR[3]~reg0 ;
; LEDR[5]~reg0                           ; Merged with LEDR[3]~reg0 ;
; LEDR[6]~reg0                           ; Merged with LEDR[3]~reg0 ;
; LEDR[7]~reg0                           ; Merged with LEDR[3]~reg0 ;
; LEDR[8]~reg0                           ; Merged with LEDR[3]~reg0 ;
; LEDR[9]~reg0                           ; Merged with LEDR[3]~reg0 ;
; Total Number of Removed Registers = 41 ;                          ;
+----------------------------------------+--------------------------+


+------------------------------------------------------+
; General Register Statistics                          ;
+----------------------------------------------+-------+
; Statistic                                    ; Value ;
+----------------------------------------------+-------+
; Total registers                              ; 114   ;
; Number of registers using Synchronous Clear  ; 80    ;
; Number of registers using Synchronous Load   ; 0     ;
; Number of registers using Asynchronous Clear ; 14    ;
; Number of registers using Asynchronous Load  ; 0     ;
; Number of registers using Clock Enable       ; 38    ;
; Number of registers using Preset             ; 0     ;
+----------------------------------------------+-------+


+----------------------------------------------+
; Registers Packed Into Inferred Megafunctions ;
+---------------+--------------+---------------+
; Register Name ; Megafunction ; Type          ;
+---------------+--------------+---------------+
; value[0..10]  ; memory_rtl_0 ; RAM           ;
+---------------+--------------+---------------+


+------------------------------------------------------------------------------------------------------------------------------------------+
; Multiplexer Restructuring Statistics (Restructuring Performed)                                                                           ;
+--------------------+-----------+---------------+----------------------+------------------------+------------+----------------------------+
; Multiplexer Inputs ; Bus Width ; Baseline Area ; Area if Restructured ; Saving if Restructured ; Registered ; Example Multiplexer Output ;
+--------------------+-----------+---------------+----------------------+------------------------+------------+----------------------------+
; 8:1                ; 28 bits   ; 140 LEs       ; 28 LEs               ; 112 LEs                ; Yes        ; |proj1|count[20]           ;
+--------------------+-----------+---------------+----------------------+------------------------+------------+----------------------------+


+-------------------------------------------------------------------------------+
; Source assignments for altsyncram:memory_rtl_0|altsyncram_jj61:auto_generated ;
+---------------------------------+--------------------+------+-----------------+
; Assignment                      ; Value              ; From ; To              ;
+---------------------------------+--------------------+------+-----------------+
; OPTIMIZE_POWER_DURING_SYNTHESIS ; NORMAL_COMPILATION ; -    ; -               ;
+---------------------------------+--------------------+------+-----------------+


+-----------------------------------------------------------------------+
; Parameter Settings for User Entity Instance: Top-level Entity: |proj1 ;
+----------------+------------------------------+-----------------------+
; Parameter Name ; Value                        ; Type                  ;
+----------------+------------------------------+-----------------------+
; DIVISOR1       ; 0000000000000000000000110010 ; Unsigned Binary       ;
; DIVISOR2       ; 0000000000000000000011111010 ; Unsigned Binary       ;
; DIVISOR3       ; 0000000000000000001010111100 ; Unsigned Binary       ;
; DIVISOR        ; 0000000000000000000000001010 ; Unsigned Binary       ;
+----------------+------------------------------+-----------------------+
Note: In order to hide this table in the UI and the text report file, please set the "Show Parameter Settings in Synthesis Report" option in "Analysis and Synthesis Settings -> More Settings" to "Off".


+-------------------------------------------------------------------------------------------+
; Parameter Settings for Inferred Entity Instance: altsyncram:memory_rtl_0                  ;
+------------------------------------+-------------------------------------+----------------+
; Parameter Name                     ; Value                               ; Type           ;
+------------------------------------+-------------------------------------+----------------+
; BYTE_SIZE_BLOCK                    ; 8                                   ; Untyped        ;
; AUTO_CARRY_CHAINS                  ; ON                                  ; AUTO_CARRY     ;
; IGNORE_CARRY_BUFFERS               ; OFF                                 ; IGNORE_CARRY   ;
; AUTO_CASCADE_CHAINS                ; ON                                  ; AUTO_CASCADE   ;
; IGNORE_CASCADE_BUFFERS             ; OFF                                 ; IGNORE_CASCADE ;
; WIDTH_BYTEENA                      ; 1                                   ; Untyped        ;
; OPERATION_MODE                     ; ROM                                 ; Untyped        ;
; WIDTH_A                            ; 11                                  ; Untyped        ;
; WIDTHAD_A                          ; 12                                  ; Untyped        ;
; NUMWORDS_A                         ; 2201                                ; Untyped        ;
; OUTDATA_REG_A                      ; UNREGISTERED                        ; Untyped        ;
; ADDRESS_ACLR_A                     ; NONE                                ; Untyped        ;
; OUTDATA_ACLR_A                     ; NONE                                ; Untyped        ;
; WRCONTROL_ACLR_A                   ; NONE                                ; Untyped        ;
; INDATA_ACLR_A                      ; NONE                                ; Untyped        ;
; BYTEENA_ACLR_A                     ; NONE                                ; Untyped        ;
; WIDTH_B                            ; 1                                   ; Untyped        ;
; WIDTHAD_B                          ; 1                                   ; Untyped        ;
; NUMWORDS_B                         ; 1                                   ; Untyped        ;
; INDATA_REG_B                       ; CLOCK1                              ; Untyped        ;
; WRCONTROL_WRADDRESS_REG_B          ; CLOCK1                              ; Untyped        ;
; RDCONTROL_REG_B                    ; CLOCK1                              ; Untyped        ;
; ADDRESS_REG_B                      ; CLOCK1                              ; Untyped        ;
; OUTDATA_REG_B                      ; UNREGISTERED                        ; Untyped        ;
; BYTEENA_REG_B                      ; CLOCK1                              ; Untyped        ;
; INDATA_ACLR_B                      ; NONE                                ; Untyped        ;
; WRCONTROL_ACLR_B                   ; NONE                                ; Untyped        ;
; ADDRESS_ACLR_B                     ; NONE                                ; Untyped        ;
; OUTDATA_ACLR_B                     ; NONE                                ; Untyped        ;
; RDCONTROL_ACLR_B                   ; NONE                                ; Untyped        ;
; BYTEENA_ACLR_B                     ; NONE                                ; Untyped        ;
; WIDTH_BYTEENA_A                    ; 1                                   ; Untyped        ;
; WIDTH_BYTEENA_B                    ; 1                                   ; Untyped        ;
; RAM_BLOCK_TYPE                     ; AUTO                                ; Untyped        ;
; BYTE_SIZE                          ; 8                                   ; Untyped        ;
; READ_DURING_WRITE_MODE_MIXED_PORTS ; DONT_CARE                           ; Untyped        ;
; READ_DURING_WRITE_MODE_PORT_A      ; NEW_DATA_NO_NBE_READ                ; Untyped        ;
; READ_DURING_WRITE_MODE_PORT_B      ; NEW_DATA_NO_NBE_READ                ; Untyped        ;
; INIT_FILE                          ; db/proj1.ram0_proj1_831e49e.hdl.mif ; Untyped        ;
; INIT_FILE_LAYOUT                   ; PORT_A                              ; Untyped        ;
; MAXIMUM_DEPTH                      ; 0                                   ; Untyped        ;
; CLOCK_ENABLE_INPUT_A               ; NORMAL                              ; Untyped        ;
; CLOCK_ENABLE_INPUT_B               ; NORMAL                              ; Untyped        ;
; CLOCK_ENABLE_OUTPUT_A              ; NORMAL                              ; Untyped        ;
; CLOCK_ENABLE_OUTPUT_B              ; NORMAL                              ; Untyped        ;
; CLOCK_ENABLE_CORE_A                ; USE_INPUT_CLKEN                     ; Untyped        ;
; CLOCK_ENABLE_CORE_B                ; USE_INPUT_CLKEN                     ; Untyped        ;
; ENABLE_ECC                         ; FALSE                               ; Untyped        ;
; ECC_PIPELINE_STAGE_ENABLED         ; FALSE                               ; Untyped        ;
; WIDTH_ECCSTATUS                    ; 3                                   ; Untyped        ;
; DEVICE_FAMILY                      ; MAX 10                              ; Untyped        ;
; CBXI_PARAMETER                     ; altsyncram_jj61                     ; Untyped        ;
+------------------------------------+-------------------------------------+----------------+
Note: In order to hide this table in the UI and the text report file, please set the "Show Parameter Settings in Synthesis Report" option in "Analysis and Synthesis Settings -> More Settings" to "Off".


+---------------------------------------------------------------------+
; altsyncram Parameter Settings by Entity Instance                    ;
+-------------------------------------------+-------------------------+
; Name                                      ; Value                   ;
+-------------------------------------------+-------------------------+
; Number of entity instances                ; 1                       ;
; Entity Instance                           ; altsyncram:memory_rtl_0 ;
;     -- OPERATION_MODE                     ; ROM                     ;
;     -- WIDTH_A                            ; 11                      ;
;     -- NUMWORDS_A                         ; 2201                    ;
;     -- OUTDATA_REG_A                      ; UNREGISTERED            ;
;     -- WIDTH_B                            ; 1                       ;
;     -- NUMWORDS_B                         ; 1                       ;
;     -- ADDRESS_REG_B                      ; CLOCK1                  ;
;     -- OUTDATA_REG_B                      ; UNREGISTERED            ;
;     -- RAM_BLOCK_TYPE                     ; AUTO                    ;
;     -- READ_DURING_WRITE_MODE_MIXED_PORTS ; DONT_CARE               ;
+-------------------------------------------+-------------------------+


+-----------------------------------------------------+
; Post-Synthesis Netlist Statistics for Top Partition ;
+-----------------------+-----------------------------+
; Type                  ; Count                       ;
+-----------------------+-----------------------------+
; boundary_port         ; 72                          ;
; cycloneiii_ff         ; 114                         ;
;     CLR               ; 14                          ;
;     ENA               ; 18                          ;
;     ENA SCLR          ; 20                          ;
;     SCLR              ; 60                          ;
;     plain             ; 2                           ;
; cycloneiii_lcell_comb ; 251                         ;
;     arith             ; 108                         ;
;         2 data inputs ; 97                          ;
;         3 data inputs ; 11                          ;
;     normal            ; 143                         ;
;         1 data inputs ; 7                           ;
;         2 data inputs ; 21                          ;
;         3 data inputs ; 33                          ;
;         4 data inputs ; 82                          ;
; cycloneiii_ram_block  ; 11                          ;
;                       ;                             ;
; Max LUT depth         ; 5.00                        ;
; Average LUT depth     ; 3.09                        ;
+-----------------------+-----------------------------+


+-------------------------------+
; Elapsed Time Per Partition    ;
+----------------+--------------+
; Partition Name ; Elapsed Time ;
+----------------+--------------+
; Top            ; 00:00:02     ;
+----------------+--------------+


+-------------------------------+
; Analysis & Synthesis Messages ;
+-------------------------------+
Info: *******************************************************************
Info: Running Quartus Prime Analysis & Synthesis
    Info: Version 20.1.0 Build 711 06/05/2020 SJ Lite Edition
    Info: Processing started: Tue Aug 15 17:33:43 2023
Info: Command: quartus_map --read_settings_files=on --write_settings_files=off proj1 -c proj1
Warning (18236): Number of processors has not been specified which may cause overloading on shared machines.  Set the global assignment NUM_PARALLEL_PROCESSORS in your QSF to an appropriate value for best performance.
Info (20030): Parallel compilation is enabled and will use 4 of the 4 processors detected
Info (12021): Found 1 design units, including 1 entities, in source file proj1.v
    Info (12023): Found entity 1: proj1 File: C:/Users/ruttk/OneDrive/Desktop/3201/proj1/proj1.v Line: 1
Info (12127): Elaborating entity "proj1" for the top level hierarchy
Info (10264): Verilog HDL Case Statement information at proj1.v(25): all case item expressions in this case statement are onehot File: C:/Users/ruttk/OneDrive/Desktop/3201/proj1/proj1.v Line: 25
Warning (10850): Verilog HDL warning at proj1.v(57): number of words (34) in memory file does not match the number of elements in the address range [0:36] File: C:/Users/ruttk/OneDrive/Desktop/3201/proj1/proj1.v Line: 57
Warning (10230): Verilog HDL assignment warning at audio4.mem(1): truncated value with size 12 to match size of target (11) File: C:/Users/ruttk/OneDrive/Desktop/3201/proj1/audio4.mem Line: 1
Warning (10850): Verilog HDL warning at proj1.v(58): number of words (1964) in memory file does not match the number of elements in the address range [37:2002] File: C:/Users/ruttk/OneDrive/Desktop/3201/proj1/proj1.v Line: 58
Warning (10850): Verilog HDL warning at proj1.v(59): number of words (9072) in memory file does not match the number of elements in the address range [2003:2104] File: C:/Users/ruttk/OneDrive/Desktop/3201/proj1/proj1.v Line: 59
Warning (10230): Verilog HDL assignment warning at proj1.v(87): truncated value with size 32 to match size of target (1) File: C:/Users/ruttk/OneDrive/Desktop/3201/proj1/proj1.v Line: 87
Warning (10230): Verilog HDL assignment warning at proj1.v(92): truncated value with size 32 to match size of target (1) File: C:/Users/ruttk/OneDrive/Desktop/3201/proj1/proj1.v Line: 92
Warning (10230): Verilog HDL assignment warning at proj1.v(93): truncated value with size 32 to match size of target (1) File: C:/Users/ruttk/OneDrive/Desktop/3201/proj1/proj1.v Line: 93
Warning (10230): Verilog HDL assignment warning at proj1.v(99): truncated value with size 32 to match size of target (1) File: C:/Users/ruttk/OneDrive/Desktop/3201/proj1/proj1.v Line: 99
Warning (10230): Verilog HDL assignment warning at proj1.v(100): truncated value with size 32 to match size of target (1) File: C:/Users/ruttk/OneDrive/Desktop/3201/proj1/proj1.v Line: 100
Info (10264): Verilog HDL Case Statement information at proj1.v(84): all case item expressions in this case statement are onehot File: C:/Users/ruttk/OneDrive/Desktop/3201/proj1/proj1.v Line: 84
Warning (10230): Verilog HDL assignment warning at proj1.v(215): truncated value with size 32 to match size of target (11) File: C:/Users/ruttk/OneDrive/Desktop/3201/proj1/proj1.v Line: 215
Warning (10230): Verilog HDL assignment warning at proj1.v(228): truncated value with size 32 to match size of target (20) File: C:/Users/ruttk/OneDrive/Desktop/3201/proj1/proj1.v Line: 228
Warning (10030): Net "memory.data_a" at proj1.v(13) has no driver or initial value, using a default initial value '0' File: C:/Users/ruttk/OneDrive/Desktop/3201/proj1/proj1.v Line: 13
Warning (10030): Net "memory.waddr_a" at proj1.v(13) has no driver or initial value, using a default initial value '0' File: C:/Users/ruttk/OneDrive/Desktop/3201/proj1/proj1.v Line: 13
Warning (10030): Net "memory.we_a" at proj1.v(13) has no driver or initial value, using a default initial value '0' File: C:/Users/ruttk/OneDrive/Desktop/3201/proj1/proj1.v Line: 13
Info (19000): Inferred 1 megafunctions from design logic
    Info (276029): Inferred altsyncram megafunction from the following design logic: "memory_rtl_0" 
        Info (286033): Parameter OPERATION_MODE set to ROM
        Info (286033): Parameter WIDTH_A set to 11
        Info (286033): Parameter WIDTHAD_A set to 12
        Info (286033): Parameter NUMWORDS_A set to 2201
        Info (286033): Parameter OUTDATA_REG_A set to UNREGISTERED
        Info (286033): Parameter ADDRESS_ACLR_A set to NONE
        Info (286033): Parameter OUTDATA_ACLR_A set to NONE
        Info (286033): Parameter INDATA_ACLR_A set to NONE
        Info (286033): Parameter WRCONTROL_ACLR_A set to NONE
        Info (286033): Parameter INIT_FILE set to db/proj1.ram0_proj1_831e49e.hdl.mif
Info (12130): Elaborated megafunction instantiation "altsyncram:memory_rtl_0"
Info (12133): Instantiated megafunction "altsyncram:memory_rtl_0" with the following parameter:
    Info (12134): Parameter "OPERATION_MODE" = "ROM"
    Info (12134): Parameter "WIDTH_A" = "11"
    Info (12134): Parameter "WIDTHAD_A" = "12"
    Info (12134): Parameter "NUMWORDS_A" = "2201"
    Info (12134): Parameter "OUTDATA_REG_A" = "UNREGISTERED"
    Info (12134): Parameter "ADDRESS_ACLR_A" = "NONE"
    Info (12134): Parameter "OUTDATA_ACLR_A" = "NONE"
    Info (12134): Parameter "INDATA_ACLR_A" = "NONE"
    Info (12134): Parameter "WRCONTROL_ACLR_A" = "NONE"
    Info (12134): Parameter "INIT_FILE" = "db/proj1.ram0_proj1_831e49e.hdl.mif"
Info (12021): Found 1 design units, including 1 entities, in source file db/altsyncram_jj61.tdf
    Info (12023): Found entity 1: altsyncram_jj61 File: C:/Users/ruttk/OneDrive/Desktop/3201/proj1/db/altsyncram_jj61.tdf Line: 28
Warning (13004): Presettable and clearable registers converted to equivalent circuits with latches. Registers power-up to an undefined state, and DEVCLRn places the registers in an undefined state.
    Warning (13310): Register "HEX0[0]~reg0" is converted into an equivalent circuit using register "HEX0[0]~reg0_emulated" and latch "HEX0[0]~1" File: C:/Users/ruttk/OneDrive/Desktop/3201/proj1/proj1.v Line: 158
    Warning (13310): Register "HEX0[1]~reg0" is converted into an equivalent circuit using register "HEX0[1]~reg0_emulated" and latch "HEX0[1]~5" File: C:/Users/ruttk/OneDrive/Desktop/3201/proj1/proj1.v Line: 158
    Warning (13310): Register "HEX0[2]~reg0" is converted into an equivalent circuit using register "HEX0[2]~reg0_emulated" and latch "HEX0[2]~9" File: C:/Users/ruttk/OneDrive/Desktop/3201/proj1/proj1.v Line: 158
    Warning (13310): Register "HEX0[3]~reg0" is converted into an equivalent circuit using register "HEX0[3]~reg0_emulated" and latch "HEX0[3]~13" File: C:/Users/ruttk/OneDrive/Desktop/3201/proj1/proj1.v Line: 158
    Warning (13310): Register "HEX0[4]~reg0" is converted into an equivalent circuit using register "HEX0[4]~reg0_emulated" and latch "HEX0[4]~17" File: C:/Users/ruttk/OneDrive/Desktop/3201/proj1/proj1.v Line: 158
    Warning (13310): Register "HEX0[5]~reg0" is converted into an equivalent circuit using register "HEX0[5]~reg0_emulated" and latch "HEX0[5]~21" File: C:/Users/ruttk/OneDrive/Desktop/3201/proj1/proj1.v Line: 158
    Warning (13310): Register "HEX0[7]~reg0" is converted into an equivalent circuit using register "HEX0[7]~reg0_emulated" and latch "HEX0[7]~25" File: C:/Users/ruttk/OneDrive/Desktop/3201/proj1/proj1.v Line: 158
    Warning (13310): Register "HEX1[0]~reg0" is converted into an equivalent circuit using register "HEX1[0]~reg0_emulated" and latch "HEX1[0]~1" File: C:/Users/ruttk/OneDrive/Desktop/3201/proj1/proj1.v Line: 158
    Warning (13310): Register "HEX1[1]~reg0" is converted into an equivalent circuit using register "HEX1[1]~reg0_emulated" and latch "HEX1[1]~5" File: C:/Users/ruttk/OneDrive/Desktop/3201/proj1/proj1.v Line: 158
    Warning (13310): Register "HEX1[2]~reg0" is converted into an equivalent circuit using register "HEX1[2]~reg0_emulated" and latch "HEX1[2]~9" File: C:/Users/ruttk/OneDrive/Desktop/3201/proj1/proj1.v Line: 158
    Warning (13310): Register "HEX1[3]~reg0" is converted into an equivalent circuit using register "HEX1[3]~reg0_emulated" and latch "HEX1[3]~13" File: C:/Users/ruttk/OneDrive/Desktop/3201/proj1/proj1.v Line: 158
    Warning (13310): Register "HEX2[6]~reg0" is converted into an equivalent circuit using register "HEX2[6]~reg0_emulated" and latch "HEX2[6]~1" File: C:/Users/ruttk/OneDrive/Desktop/3201/proj1/proj1.v Line: 158
    Warning (13310): Register "HEX3[0]~reg0" is converted into an equivalent circuit using register "HEX3[0]~reg0_emulated" and latch "HEX3[0]~1" File: C:/Users/ruttk/OneDrive/Desktop/3201/proj1/proj1.v Line: 158
Info (286030): Timing-Driven Synthesis is running
Critical Warning (18061): Ignored Power-Up Level option on the following registers
    Critical Warning (18010): Register play will power up to Low File: C:/Users/ruttk/OneDrive/Desktop/3201/proj1/proj1.v Line: 66
Info (144001): Generated suppressed messages file C:/Users/ruttk/OneDrive/Desktop/3201/proj1/output_files/proj1.map.smsg
Info (16010): Generating hard_block partition "hard_block:auto_generated_inst"
    Info (16011): Adding 0 node(s), including 0 DDIO, 0 PLL, 0 transceiver and 0 LCELL
Info (21057): Implemented 337 device resources after synthesis - the final resource count might be different
    Info (21058): Implemented 12 input pins
    Info (21059): Implemented 60 output pins
    Info (21061): Implemented 254 logic cells
    Info (21064): Implemented 11 RAM segments
Info: Quartus Prime Analysis & Synthesis was successful. 0 errors, 31 warnings
    Info: Peak virtual memory: 4791 megabytes
    Info: Processing ended: Tue Aug 15 17:34:08 2023
    Info: Elapsed time: 00:00:25
    Info: Total CPU time (on all processors): 00:00:34


+------------------------------------------+
; Analysis & Synthesis Suppressed Messages ;
+------------------------------------------+
The suppressed messages can be found in C:/Users/ruttk/OneDrive/Desktop/3201/proj1/output_files/proj1.map.smsg.


